c:\users\loren\onedrive\dokumenty\school\zpg\week3\dre0065_week3\dre0065\dre0065\x64\debug\vc143.pdb
c:\users\loren\onedrive\dokumenty\school\zpg\week3\dre0065_week3\dre0065\dre0065\x64\debug\vc143.idb
c:\users\loren\onedrive\dokumenty\school\zpg\week3\dre0065_week3\dre0065\dre0065\x64\debug\shader.obj
c:\users\loren\onedrive\dokumenty\school\zpg\week3\dre0065_week3\dre0065\dre0065\x64\debug\model.obj
c:\users\loren\onedrive\dokumenty\school\zpg\week3\dre0065_week3\dre0065\dre0065\x64\debug\app.obj
c:\users\loren\onedrive\dokumenty\school\zpg\week3\dre0065_week3\dre0065\dre0065\x64\debug\main.obj
c:\users\loren\onedrive\dokumenty\school\zpg\week3\dre0065_week3\dre0065\dre0065\x64\debug\scene.obj
c:\users\loren\onedrive\dokumenty\school\zpg\week3\dre0065_week3\dre0065\x64\debug\dre0065.exe
c:\users\loren\onedrive\dokumenty\school\zpg\week3\dre0065_week3\dre0065\x64\debug\dre0065.pdb
c:\users\loren\onedrive\dokumenty\school\zpg\week3\dre0065_week3\dre0065\dre0065\x64\debug\dre0065.ilk
c:\users\loren\onedrive\dokumenty\school\zpg\week3\dre0065_week3\dre0065\dre0065\x64\debug\application.obj
c:\users\loren\onedrive\dokumenty\school\zpg\week3\dre0065_week3\dre0065\dre0065\x64\debug\drawableobject.obj
c:\users\loren\onedrive\dokumenty\school\zpg\week3\dre0065_week3\dre0065\dre0065\x64\debug\shaderprogram.obj
c:\users\loren\onedrive\dokumenty\school\zpg\week3\dre0065_week3\dre0065\dre0065\x64\debug\transformation.obj
c:\users\loren\onedrive\dokumenty\school\zpg\week3\dre0065_week3\dre0065\dre0065\x64\debug\dre0065.tlog\cl.command.1.tlog
c:\users\loren\onedrive\dokumenty\school\zpg\week3\dre0065_week3\dre0065\dre0065\x64\debug\dre0065.tlog\cl.items.tlog
c:\users\loren\onedrive\dokumenty\school\zpg\week3\dre0065_week3\dre0065\dre0065\x64\debug\dre0065.tlog\cl.read.1.tlog
c:\users\loren\onedrive\dokumenty\school\zpg\week3\dre0065_week3\dre0065\dre0065\x64\debug\dre0065.tlog\cl.write.1.tlog
c:\users\loren\onedrive\dokumenty\school\zpg\week3\dre0065_week3\dre0065\dre0065\x64\debug\dre0065.tlog\link.command.1.tlog
c:\users\loren\onedrive\dokumenty\school\zpg\week3\dre0065_week3\dre0065\dre0065\x64\debug\dre0065.tlog\link.read.1.tlog
c:\users\loren\onedrive\dokumenty\school\zpg\week3\dre0065_week3\dre0065\dre0065\x64\debug\dre0065.tlog\link.secondary.1.tlog
c:\users\loren\onedrive\dokumenty\school\zpg\week3\dre0065_week3\dre0065\dre0065\x64\debug\dre0065.tlog\link.write.1.tlog
